<?xml version="1.0" encoding="UTF-8"?>
<!-- Generated by org.testng.reporters.JUnitXMLReporter -->
<testsuite ignored="0" hostname="LAPTOP-1LQPMAFO" failures="3" tests="13" name="Chrome - Remaining (sequential)" time="267.674" errors="0" timestamp="2025-10-12T23:00:06 IST">
  <testcase classname="com.orangehrm.tests.PIMTests" name="testAddEmployee" time="19.987"/>
  <testcase classname="com.orangehrm.tests.PIMTests" name="testEmployeeListView" time="5.412"/>
  <testcase classname="com.orangehrm.tests.PIMTests" name="testEmployeeSearchFunctionality" time="16.091"/>
  <testcase classname="com.orangehrm.tests.PIMTests" name="testEmployeePersonalDetails" time="18.846"/>
  <testcase classname="com.orangehrm.tests.PIMTests" name="testEmployeeJobDetails" time="22.488"/>
  <testcase classname="com.orangehrm.tests.AdminTests" name="verifyUserManagementFunctionality" time="17.854">
    <failure type="java.lang.AssertionError" message="Failed to add user expected [true] but found [false]">
      <![CDATA[java.lang.AssertionError: Failed to add user expected [true] but found [false]
at com.orangehrm.tests.AdminTests.verifyUserManagementFunctionality(AdminTests.java:67)
at java.base/java.util.ArrayList.forEach(ArrayList.java:1511)
... Removed 30 stack frames]]>
    </failure>
  </testcase> <!-- verifyUserManagementFunctionality -->
  <testcase classname="com.orangehrm.tests.AdminTests" name="verifyJobTitlesManagement" time="32.64"/>
  <testcase classname="com.orangehrm.tests.AdminTests" name="verifyPayGradesManagement" time="52.541"/>
  <testcase classname="com.orangehrm.tests.AdminTests" name="verifyEmploymentStatusManagement" time="30.761"/>
  <testcase classname="com.orangehrm.tests.AdminTests" name="verifyOrganizationStructure" time="1.616"/>
  <testcase classname="com.orangehrm.tests.LeaveTests" name="testApplyLeave" time="3.258">
    <failure type="org.openqa.selenium.StaleElementReferenceException" message="stale element reference: stale element not found in the current frame
  (Session info: chrome=141.0.7390.76)
For documentation on this error, please visit: https://www.selenium.dev/documentation/webdriver/troubleshooting/errors#stale-element-reference-exception
Build info: version: &amp;apos;4.25.0&amp;apos;, revision: &amp;apos;8a8aea2337&amp;apos;
System info: os.name: &amp;apos;Windows 11&amp;apos;, os.arch: &amp;apos;amd64&amp;apos;, os.version: &amp;apos;10.0&amp;apos;, java.version: &amp;apos;17.0.8&amp;apos;
Driver info: org.openqa.selenium.chrome.ChromeDriver
Command: [f1d330da67cec0b4cc89775d434a83ed, clickElement {id=f.160929368DC3914028611D3DF71894D6.d.C7F286377F06919D80AA04AA24B04E3F.e.74}]
Capabilities {acceptInsecureCerts: false, browserName: chrome, browserVersion: 141.0.7390.76, chrome: {chromedriverVersion: 141.0.7390.76 (d6fcfbb51aac..., userDataDir: C:\Users\SHEIKM~1\AppData\L...}, fedcm:accounts: true, goog:chromeOptions: {debuggerAddress: localhost:60260}, networkConnectionEnabled: false, pageLoadStrategy: normal, platformName: windows, proxy: Proxy(), se:cdp: ws://localhost:60260/devtoo..., se:cdpVersion: 141.0.7390.76, setWindowRect: true, strictFileInteractability: false, timeouts: {implicit: 0, pageLoad: 300000, script: 30000}, unhandledPromptBehavior: dismiss and notify, webauthn:extension:credBlob: true, webauthn:extension:largeBlob: true, webauthn:extension:minPinLength: true, webauthn:extension:prf: true, webauthn:virtualAuthenticators: true}
Element: [[ChromeDriver: chrome on windows (f1d330da67cec0b4cc89775d434a83ed)] -&amp;gt; xpath: //label[normalize-space()=&amp;apos;Leave Type&amp;apos;]/../following-sibling::div//div[contains(@class,&amp;apos;oxd-select-text&amp;apos;)]]
Session ID: f1d330da67cec0b4cc89775d434a83ed">
      <![CDATA[org.openqa.selenium.StaleElementReferenceException: stale element reference: stale element not found in the current frame
  (Session info: chrome=141.0.7390.76)
For documentation on this error, please visit: https://www.selenium.dev/documentation/webdriver/troubleshooting/errors#stale-element-reference-exception
Build info: version: '4.25.0', revision: '8a8aea2337'
System info: os.name: 'Windows 11', os.arch: 'amd64', os.version: '10.0', java.version: '17.0.8'
Driver info: org.openqa.selenium.chrome.ChromeDriver
Command: [f1d330da67cec0b4cc89775d434a83ed, clickElement {id=f.160929368DC3914028611D3DF71894D6.d.C7F286377F06919D80AA04AA24B04E3F.e.74}]
Capabilities {acceptInsecureCerts: false, browserName: chrome, browserVersion: 141.0.7390.76, chrome: {chromedriverVersion: 141.0.7390.76 (d6fcfbb51aac..., userDataDir: C:\Users\SHEIKM~1\AppData\L...}, fedcm:accounts: true, goog:chromeOptions: {debuggerAddress: localhost:60260}, networkConnectionEnabled: false, pageLoadStrategy: normal, platformName: windows, proxy: Proxy(), se:cdp: ws://localhost:60260/devtoo..., se:cdpVersion: 141.0.7390.76, setWindowRect: true, strictFileInteractability: false, timeouts: {implicit: 0, pageLoad: 300000, script: 30000}, unhandledPromptBehavior: dismiss and notify, webauthn:extension:credBlob: true, webauthn:extension:largeBlob: true, webauthn:extension:minPinLength: true, webauthn:extension:prf: true, webauthn:virtualAuthenticators: true}
Element: [[ChromeDriver: chrome on windows (f1d330da67cec0b4cc89775d434a83ed)] -> xpath: //label[normalize-space()='Leave Type']/../following-sibling::div//div[contains(@class,'oxd-select-text')]]
Session ID: f1d330da67cec0b4cc89775d434a83ed
at org.openqa.selenium.remote.ErrorCodec.decode(ErrorCodec.java:167)
at org.openqa.selenium.remote.codec.w3c.W3CHttpResponseCodec.decode(W3CHttpResponseCodec.java:138)
at org.openqa.selenium.remote.codec.w3c.W3CHttpResponseCodec.decode(W3CHttpResponseCodec.java:50)
at org.openqa.selenium.remote.HttpCommandExecutor.execute(HttpCommandExecutor.java:190)
at org.openqa.selenium.remote.service.DriverCommandExecutor.invokeExecute(DriverCommandExecutor.java:216)
at org.openqa.selenium.remote.service.DriverCommandExecutor.execute(DriverCommandExecutor.java:174)
at org.openqa.selenium.remote.RemoteWebDriver.execute(RemoteWebDriver.java:545)
at org.openqa.selenium.remote.RemoteWebElement.execute(RemoteWebElement.java:223)
at org.openqa.selenium.remote.RemoteWebElement.click(RemoteWebElement.java:76)
at com.orangehrm.pages.LeavePage.pickFromDropdown(LeavePage.java:84)
at com.orangehrm.pages.LeavePage.applyLeave(LeavePage.java:182)
at com.orangehrm.tests.LeaveTests.testApplyLeave(LeaveTests.java:71)
at java.base/java.util.ArrayList.forEach(ArrayList.java:1511)
... Removed 32 stack frames]]>
    </failure>
  </testcase> <!-- testApplyLeave -->
  <testcase classname="com.orangehrm.tests.LeaveTests" name="testAssignLeave" time="15.353">
    <failure type="java.lang.AssertionError" message="Assign Leave failed (no success toast). expected [true] but found [false]">
      <![CDATA[java.lang.AssertionError: Assign Leave failed (no success toast). expected [true] but found [false]
at com.orangehrm.tests.LeaveTests.testAssignLeave(LeaveTests.java:78)
at java.base/java.util.ArrayList.forEach(ArrayList.java:1511)
... Removed 30 stack frames]]>
    </failure>
  </testcase> <!-- testAssignLeave -->
  <testcase classname="com.orangehrm.tests.LeaveTests" name="testMyLeave" time="4.204"/>
</testsuite> <!-- Chrome - Remaining (sequential) -->
