<?xml version="1.0" encoding="UTF-8"?>
<!-- Generated by org.testng.reporters.JUnitXMLReporter -->
<testsuite ignored="0" hostname="LAPTOP-1LQPMAFO" failures="3" tests="13" name="Firefox - Remaining (sequential)" time="461.601" errors="0" timestamp="2025-10-12T23:08:47 IST">
  <testcase classname="com.orangehrm.tests.PIMTests" name="testAddEmployee" time="102.327"/>
  <testcase classname="com.orangehrm.tests.PIMTests" name="testEmployeeListView" time="6.064"/>
  <testcase classname="com.orangehrm.tests.PIMTests" name="testEmployeeSearchFunctionality" time="16.475"/>
  <testcase classname="com.orangehrm.tests.PIMTests" name="testEmployeePersonalDetails" time="20.208"/>
  <testcase classname="com.orangehrm.tests.PIMTests" name="testEmployeeJobDetails" time="26.071"/>
  <testcase classname="com.orangehrm.tests.AdminTests" name="verifyUserManagementFunctionality" time="17.737">
    <failure type="java.lang.AssertionError" message="Failed to add user expected [true] but found [false]">
      <![CDATA[java.lang.AssertionError: Failed to add user expected [true] but found [false]
at com.orangehrm.tests.AdminTests.verifyUserManagementFunctionality(AdminTests.java:67)
at java.base/java.util.ArrayList.forEach(ArrayList.java:1511)
... Removed 30 stack frames]]>
    </failure>
  </testcase> <!-- verifyUserManagementFunctionality -->
  <testcase classname="com.orangehrm.tests.AdminTests" name="verifyJobTitlesManagement" time="67.33"/>
  <testcase classname="com.orangehrm.tests.AdminTests" name="verifyPayGradesManagement" time="68.66"/>
  <testcase classname="com.orangehrm.tests.AdminTests" name="verifyEmploymentStatusManagement" time="66.936"/>
  <testcase classname="com.orangehrm.tests.AdminTests" name="verifyOrganizationStructure" time="1.273"/>
  <testcase classname="com.orangehrm.tests.LeaveTests" name="testApplyLeave" time="4.554">
    <failure type="org.openqa.selenium.ElementClickInterceptedException" message="Element &amp;lt;div class=&amp;quot;oxd-select-text oxd-select-text--active&amp;quot;&amp;gt; is not clickable at point (703,259) because another element &amp;lt;div class=&amp;quot;oxd-form-loader&amp;quot;&amp;gt; obscures it
Build info: version: &amp;apos;4.25.0&amp;apos;, revision: &amp;apos;8a8aea2337&amp;apos;
System info: os.name: &amp;apos;Windows 11&amp;apos;, os.arch: &amp;apos;amd64&amp;apos;, os.version: &amp;apos;10.0&amp;apos;, java.version: &amp;apos;17.0.8&amp;apos;
Driver info: org.openqa.selenium.firefox.FirefoxDriver
Command: [b1512ca0-9cc4-41ce-b343-4fefaa30f340, clickElement {id=3ffa6828-4d3a-4825-bb70-87f093b9d802}]
Capabilities {acceptInsecureCerts: true, browserName: firefox, browserVersion: 143.0.4, moz:accessibilityChecks: false, moz:buildID: 20251003115653, moz:geckodriverVersion: 0.36.0, moz:headless: false, moz:platformVersion: 10.0, moz:processID: 1660, moz:profile: C:\Users\SHEIKM~1\AppData\L..., moz:shutdownTimeout: 60000, moz:webdriverClick: true, moz:windowless: false, pageLoadStrategy: normal, platformName: windows, proxy: Proxy(), setWindowRect: true, strictFileInteractability: false, timeouts: {implicit: 0, pageLoad: 300000, script: 30000}, unhandledPromptBehavior: dismiss and notify, userAgent: Mozilla/5.0 (Windows NT 10....}
Element: [[FirefoxDriver: firefox on windows (b1512ca0-9cc4-41ce-b343-4fefaa30f340)] -&amp;gt; xpath: //label[normalize-space()=&amp;apos;Leave Type&amp;apos;]/../following-sibling::div//div[contains(@class,&amp;apos;oxd-select-text&amp;apos;)]]
Session ID: b1512ca0-9cc4-41ce-b343-4fefaa30f340">
      <![CDATA[org.openqa.selenium.ElementClickInterceptedException: Element <div class="oxd-select-text oxd-select-text--active"> is not clickable at point (703,259) because another element <div class="oxd-form-loader"> obscures it
Build info: version: '4.25.0', revision: '8a8aea2337'
System info: os.name: 'Windows 11', os.arch: 'amd64', os.version: '10.0', java.version: '17.0.8'
Driver info: org.openqa.selenium.firefox.FirefoxDriver
Command: [b1512ca0-9cc4-41ce-b343-4fefaa30f340, clickElement {id=3ffa6828-4d3a-4825-bb70-87f093b9d802}]
Capabilities {acceptInsecureCerts: true, browserName: firefox, browserVersion: 143.0.4, moz:accessibilityChecks: false, moz:buildID: 20251003115653, moz:geckodriverVersion: 0.36.0, moz:headless: false, moz:platformVersion: 10.0, moz:processID: 1660, moz:profile: C:\Users\SHEIKM~1\AppData\L..., moz:shutdownTimeout: 60000, moz:webdriverClick: true, moz:windowless: false, pageLoadStrategy: normal, platformName: windows, proxy: Proxy(), setWindowRect: true, strictFileInteractability: false, timeouts: {implicit: 0, pageLoad: 300000, script: 30000}, unhandledPromptBehavior: dismiss and notify, userAgent: Mozilla/5.0 (Windows NT 10....}
Element: [[FirefoxDriver: firefox on windows (b1512ca0-9cc4-41ce-b343-4fefaa30f340)] -> xpath: //label[normalize-space()='Leave Type']/../following-sibling::div//div[contains(@class,'oxd-select-text')]]
Session ID: b1512ca0-9cc4-41ce-b343-4fefaa30f340
at org.openqa.selenium.remote.ErrorCodec.decode(ErrorCodec.java:167)
at org.openqa.selenium.remote.codec.w3c.W3CHttpResponseCodec.decode(W3CHttpResponseCodec.java:138)
at org.openqa.selenium.remote.codec.w3c.W3CHttpResponseCodec.decode(W3CHttpResponseCodec.java:50)
at org.openqa.selenium.remote.HttpCommandExecutor.execute(HttpCommandExecutor.java:190)
at org.openqa.selenium.remote.service.DriverCommandExecutor.invokeExecute(DriverCommandExecutor.java:216)
at org.openqa.selenium.remote.service.DriverCommandExecutor.execute(DriverCommandExecutor.java:174)
at org.openqa.selenium.remote.RemoteWebDriver.execute(RemoteWebDriver.java:545)
at org.openqa.selenium.remote.RemoteWebElement.execute(RemoteWebElement.java:223)
at org.openqa.selenium.remote.RemoteWebElement.click(RemoteWebElement.java:76)
at com.orangehrm.pages.LeavePage.pickFromDropdown(LeavePage.java:84)
at com.orangehrm.pages.LeavePage.applyLeave(LeavePage.java:182)
at com.orangehrm.tests.LeaveTests.testApplyLeave(LeaveTests.java:71)
at java.base/java.util.ArrayList.forEach(ArrayList.java:1511)
... Removed 32 stack frames]]>
    </failure>
  </testcase> <!-- testApplyLeave -->
  <testcase classname="com.orangehrm.tests.LeaveTests" name="testAssignLeave" time="15.858">
    <failure type="java.lang.AssertionError" message="Assign Leave failed (no success toast). expected [true] but found [false]">
      <![CDATA[java.lang.AssertionError: Assign Leave failed (no success toast). expected [true] but found [false]
at com.orangehrm.tests.LeaveTests.testAssignLeave(LeaveTests.java:78)
at java.base/java.util.ArrayList.forEach(ArrayList.java:1511)
... Removed 30 stack frames]]>
    </failure>
  </testcase> <!-- testAssignLeave -->
  <testcase classname="com.orangehrm.tests.LeaveTests" name="testMyLeave" time="4.417"/>
</testsuite> <!-- Firefox - Remaining (sequential) -->
